2017-11-06 12:57:22 [scrapy.utils.log] INFO: Scrapy 1.3.3 started (bot: P2peye)
2017-11-06 12:57:22 [scrapy.utils.log] INFO: Overridden settings: {'BOT_NAME': 'P2peye', 'CONCURRENT_REQUESTS': 1, 'COOKIES_ENABLED': False, 'LOG_FILE': 'P2P.log', 'LOG_LEVEL': 'INFO', 'NEWSPIDER_MODULE': 'P2peye.spiders', 'SPIDER_MODULES': ['P2peye.spiders']}
2017-11-06 12:57:23 [scrapy.middleware] INFO: Enabled extensions:
['scrapy.extensions.corestats.CoreStats',
 'scrapy.extensions.telnet.TelnetConsole',
 'scrapy.extensions.logstats.LogStats']
2017-11-06 12:57:23 [scrapy.middleware] INFO: Enabled downloader middlewares:
['scrapy.downloadermiddlewares.httpauth.HttpAuthMiddleware',
 'scrapy.downloadermiddlewares.downloadtimeout.DownloadTimeoutMiddleware',
 'scrapy.downloadermiddlewares.defaultheaders.DefaultHeadersMiddleware',
 'scrapy.downloadermiddlewares.useragent.UserAgentMiddleware',
 'scrapy.downloadermiddlewares.retry.RetryMiddleware',
 'scrapy.downloadermiddlewares.redirect.MetaRefreshMiddleware',
 'scrapy.downloadermiddlewares.httpcompression.HttpCompressionMiddleware',
 'scrapy.downloadermiddlewares.redirect.RedirectMiddleware',
 'scrapy.downloadermiddlewares.stats.DownloaderStats']
2017-11-06 12:57:23 [scrapy.middleware] INFO: Enabled spider middlewares:
['scrapy.spidermiddlewares.httperror.HttpErrorMiddleware',
 'scrapy.spidermiddlewares.offsite.OffsiteMiddleware',
 'scrapy.spidermiddlewares.referer.RefererMiddleware',
 'scrapy.spidermiddlewares.urllength.UrlLengthMiddleware',
 'scrapy.spidermiddlewares.depth.DepthMiddleware']
2017-11-06 12:57:23 [py.warnings] WARNING: F:\gitwork\pipeline.py:9: ScrapyDeprecationWarning: Module `scrapy.log` has been deprecated, Scrapy now relies on the builtin Python library for logging. Read the updated logging entry in the documentation to learn more.
  from scrapy import log

2017-11-06 12:57:25 [scrapy.middleware] INFO: Enabled item pipelines:
['P2peye.pipelines.P2PeyePipeline']
2017-11-06 12:57:25 [scrapy.core.engine] INFO: Spider opened
2017-11-06 12:57:25 [scrapy.extensions.logstats] INFO: Crawled 0 pages (at 0 pages/min), scraped 0 items (at 0 items/min)
2017-11-06 12:57:32 [scrapy.crawler] INFO: Received SIGINT, shutting down gracefully. Send again to force 
2017-11-06 12:57:32 [scrapy.core.engine] INFO: Closing spider (shutdown)
2017-11-06 12:57:35 [py.warnings] WARNING: F:\gitwork\pipeline.py:313: ScrapyDeprecationWarning: log.msg has been deprecated, create a python logger and log through it instead
  self.errorNums), level=log.CRITICAL)

2017-11-06 12:57:35 [scrapy.log] CRITICAL: 爬虫结束,结束时间为2017-11-06 12:57:35,
本次共成功解析8,其中插入0,更新6,无需操作2,其中有0条错误信息
2017-11-06 12:57:35 [scrapy.statscollectors] INFO: Dumping Scrapy stats:
{'downloader/request_bytes': 1885,
 'downloader/request_count': 5,
 'downloader/request_method_count/GET': 5,
 'downloader/response_bytes': 179624,
 'downloader/response_count': 5,
 'downloader/response_status_count/200': 5,
 'dupefilter/filtered': 80,
 'finish_reason': 'shutdown',
 'finish_time': datetime.datetime(2017, 11, 6, 4, 57, 35, 711951),
 'item_scraped_count': 8,
 'log_count/CRITICAL': 1,
 'log_count/INFO': 8,
 'log_count/WARNING': 2,
 'request_depth_max': 1,
 'response_received_count': 5,
 'scheduler/dequeued': 5,
 'scheduler/dequeued/memory': 5,
 'scheduler/enqueued': 18263,
 'scheduler/enqueued/memory': 18263,
 'start_time': datetime.datetime(2017, 11, 6, 4, 57, 25, 437768)}
2017-11-06 12:57:35 [scrapy.core.engine] INFO: Spider closed (shutdown)
