2017-09-25 12:51:22 [scrapy.utils.log] INFO: Scrapy 1.3.3 started (bot: measures)
2017-09-25 12:51:22 [scrapy.utils.log] INFO: Overridden settings: {'BOT_NAME': 'measures', 'LOG_ENCODING': 'utf8', 'LOG_FILE': 'meaurse.log', 'LOG_LEVEL': 'INFO', 'NEWSPIDER_MODULE': 'measures.spiders', 'SPIDER_MODULES': ['measures.spiders']}
2017-09-25 12:51:22 [scrapy.middleware] INFO: Enabled extensions:
['scrapy.extensions.corestats.CoreStats',
 'scrapy.extensions.telnet.TelnetConsole',
 'scrapy.extensions.logstats.LogStats']
2017-09-25 12:51:22 [scrapy.middleware] INFO: Enabled downloader middlewares:
['scrapy.downloadermiddlewares.httpauth.HttpAuthMiddleware',
 'scrapy.downloadermiddlewares.downloadtimeout.DownloadTimeoutMiddleware',
 'scrapy.downloadermiddlewares.defaultheaders.DefaultHeadersMiddleware',
 'scrapy.downloadermiddlewares.useragent.UserAgentMiddleware',
 'scrapy.downloadermiddlewares.retry.RetryMiddleware',
 'scrapy.downloadermiddlewares.redirect.MetaRefreshMiddleware',
 'scrapy.downloadermiddlewares.httpcompression.HttpCompressionMiddleware',
 'scrapy.downloadermiddlewares.redirect.RedirectMiddleware',
 'scrapy.downloadermiddlewares.cookies.CookiesMiddleware',
 'scrapy.downloadermiddlewares.stats.DownloaderStats']
2017-09-25 12:51:22 [scrapy.middleware] INFO: Enabled spider middlewares:
['scrapy.spidermiddlewares.httperror.HttpErrorMiddleware',
 'scrapy.spidermiddlewares.offsite.OffsiteMiddleware',
 'scrapy.spidermiddlewares.referer.RefererMiddleware',
 'scrapy.spidermiddlewares.urllength.UrlLengthMiddleware',
 'scrapy.spidermiddlewares.depth.DepthMiddleware']
2017-09-25 12:51:22 [scrapy.middleware] INFO: Enabled item pipelines:
[]
2017-09-25 12:51:22 [scrapy.core.engine] INFO: Spider opened
2017-09-25 12:51:22 [scrapy.extensions.logstats] INFO: Crawled 0 pages (at 0 pages/min), scraped 0 items (at 0 items/min)
2017-09-25 12:51:34 [scrapy.core.engine] INFO: Closing spider (finished)
2017-09-25 12:51:34 [scrapy.statscollectors] INFO: Dumping Scrapy stats:
{'downloader/request_bytes': 488,
 'downloader/request_count': 1,
 'downloader/request_method_count/POST': 1,
 'downloader/response_bytes': 5188,
 'downloader/response_count': 1,
 'downloader/response_status_count/200': 1,
 'finish_reason': 'finished',
 'finish_time': datetime.datetime(2017, 9, 25, 4, 51, 34, 16322),
 'item_scraped_count': 20,
 'log_count/INFO': 7,
 'response_received_count': 1,
 'scheduler/dequeued': 1,
 'scheduler/dequeued/memory': 1,
 'scheduler/enqueued': 1,
 'scheduler/enqueued/memory': 1,
 'start_time': datetime.datetime(2017, 9, 25, 4, 51, 22, 927403)}
2017-09-25 12:51:34 [scrapy.core.engine] INFO: Spider closed (finished)
